<?xml version="1.0" encoding="UTF-8"?>
<testsuite xmlns:xsi="http://www.w3.org/2001/XMLSchema-instance" xsi:noNamespaceSchemaLocation="https://maven.apache.org/surefire/maven-surefire-plugin/xsd/surefire-test-report-3.0.xsd" version="3.0" name="test.UsuarioTest" time="0.479" tests="2" errors="1" skipped="0" failures="1">
  <properties>
[...]
</properties>
  <testcase name="loginComprimentoTest" classname="test.UsuarioTest" time="0.442">
    <error message="Unable to build entity manager factory" type="javax.persistence.PersistenceException">javax.persistence.PersistenceException: Unable to build entity manager factory
	at test.UsuarioTest.loginComprimentoTest(UsuarioTest.java:17)
Caused by: org.hibernate.exception.JDBCConnectionException: Error calling Driver#connect
	at test.UsuarioTest.loginComprimentoTest(UsuarioTest.java:17)
Caused by: com.mysql.cj.jdbc.exceptions.CommunicationsException: 
Communications link failure

The last packet sent successfully to the server was 0 milliseconds ago. The driver has not received any packets from the server.
	at test.UsuarioTest.loginComprimentoTest(UsuarioTest.java:17)
Caused by: com.mysql.cj.exceptions.CJCommunicationsException: 
Communications link failure

The last packet sent successfully to the server was 0 milliseconds ago. The driver has not received any packets from the server.
	at test.UsuarioTest.loginComprimentoTest(UsuarioTest.java:17)
Caused by: java.net.ConnectException: Connection refused (Connection refused)
	at test.UsuarioTest.loginComprimentoTest(UsuarioTest.java:17)
</error>
    <system-err><![CDATA[jan 25, 2021 8:50:57 PM org.hibernate.ejb.HibernatePersistence logDeprecation
WARN: HHH015016: Encountered a deprecated javax.persistence.spi.PersistenceProvider [org.hibernate.ejb.HibernatePersistence]; use [org.hibernate.jpa.HibernatePersistenceProvider] instead.
jan 25, 2021 8:50:57 PM org.hibernate.ejb.HibernatePersistence logDeprecation
WARN: HHH015016: Encountered a deprecated javax.persistence.spi.PersistenceProvider [org.hibernate.ejb.HibernatePersistence]; use [org.hibernate.jpa.HibernatePersistenceProvider] instead.
jan 25, 2021 8:50:57 PM org.hibernate.ejb.HibernatePersistence logDeprecation
WARN: HHH015016: Encountered a deprecated javax.persistence.spi.PersistenceProvider [org.hibernate.ejb.HibernatePersistence]; use [org.hibernate.jpa.HibernatePersistenceProvider] instead.
jan 25, 2021 8:50:58 PM org.hibernate.jpa.internal.util.LogHelper logPersistenceUnitInformation
INFO: HHH000204: Processing PersistenceUnitInfo [
	name: MY_PU
	...]
jan 25, 2021 8:50:58 PM org.hibernate.Version logVersion
INFO: HHH000412: Hibernate Core {4.3.11.Final}
jan 25, 2021 8:50:58 PM org.hibernate.cfg.Environment <clinit>
INFO: HHH000206: hibernate.properties not found
jan 25, 2021 8:50:58 PM org.hibernate.cfg.Environment buildBytecodeProvider
INFO: HHH000021: Bytecode provider name : javassist
jan 25, 2021 8:50:58 PM org.hibernate.annotations.common.reflection.java.JavaReflectionManager <clinit>
INFO: HCANN000001: Hibernate Commons Annotations {4.0.5.Final}
jan 25, 2021 8:50:58 PM org.hibernate.engine.jdbc.connections.internal.DriverManagerConnectionProviderImpl configure
WARN: HHH000402: Using Hibernate built-in connection pool (not for production use!)
Loading class `com.mysql.jdbc.Driver'. This is deprecated. The new driver class is `com.mysql.cj.jdbc.Driver'. The driver is automatically registered via the SPI and manual loading of the driver class is generally unnecessary.
jan 25, 2021 8:50:58 PM org.hibernate.engine.jdbc.connections.internal.DriverManagerConnectionProviderImpl buildCreator
INFO: HHH000401: using driver [com.mysql.jdbc.Driver] at URL [jdbc:mysql://localhost:3306/aula_db]
jan 25, 2021 8:50:58 PM org.hibernate.engine.jdbc.connections.internal.DriverManagerConnectionProviderImpl buildCreator
INFO: HHH000046: Connection properties: {password=****, user=root}
jan 25, 2021 8:50:58 PM org.hibernate.engine.jdbc.connections.internal.DriverManagerConnectionProviderImpl buildCreator
INFO: HHH000006: Autocommit mode: false
jan 25, 2021 8:50:58 PM org.hibernate.engine.jdbc.connections.internal.DriverManagerConnectionProviderImpl configure
INFO: HHH000115: Hibernate connection pool size: 20 (min=1)
]]></system-err>
  </testcase>
  <testcase name="loginComprimentoIvalidoTest" classname="test.UsuarioTest" time="0.027">
    <failure message="Unexpected exception type thrown ==&gt; expected: &lt;java.lang.IllegalArgumentException&gt; but was: &lt;javax.persistence.PersistenceException&gt;" type="org.opentest4j.AssertionFailedError"><![CDATA[org.opentest4j.AssertionFailedError: Unexpected exception type thrown ==> expected: <java.lang.IllegalArgumentException> but was: <javax.persistence.PersistenceException>
	at test.UsuarioTest.loginComprimentoIvalidoTest(UsuarioTest.java:26)
Caused by: javax.persistence.PersistenceException: Unable to build entity manager factory
	at test.UsuarioTest.lambda$loginComprimentoIvalidoTest$0(UsuarioTest.java:30)
	at test.UsuarioTest.loginComprimentoIvalidoTest(UsuarioTest.java:26)
Caused by: org.hibernate.exception.JDBCConnectionException: Error calling Driver#connect
	at test.UsuarioTest.lambda$loginComprimentoIvalidoTest$0(UsuarioTest.java:30)
	at test.UsuarioTest.loginComprimentoIvalidoTest(UsuarioTest.java:26)
Caused by: com.mysql.cj.jdbc.exceptions.CommunicationsException: 
Communications link failure

The last packet sent successfully to the server was 0 milliseconds ago. The driver has not received any packets from the server.
	at test.UsuarioTest.lambda$loginComprimentoIvalidoTest$0(UsuarioTest.java:30)
	at test.UsuarioTest.loginComprimentoIvalidoTest(UsuarioTest.java:26)
Caused by: com.mysql.cj.exceptions.CJCommunicationsException: 
Communications link failure

The last packet sent successfully to the server was 0 milliseconds ago. The driver has not received any packets from the server.
	at test.UsuarioTest.lambda$loginComprimentoIvalidoTest$0(UsuarioTest.java:30)
	at test.UsuarioTest.loginComprimentoIvalidoTest(UsuarioTest.java:26)
Caused by: java.net.ConnectException: Connection refused (Connection refused)
	at test.UsuarioTest.lambda$loginComprimentoIvalidoTest$0(UsuarioTest.java:30)
	at test.UsuarioTest.loginComprimentoIvalidoTest(UsuarioTest.java:26)
]]></failure>
    <system-err><![CDATA[jan 25, 2021 8:50:58 PM org.hibernate.ejb.HibernatePersistence logDeprecation
WARN: HHH015016: Encountered a deprecated javax.persistence.spi.PersistenceProvider [org.hibernate.ejb.HibernatePersistence]; use [org.hibernate.jpa.HibernatePersistenceProvider] instead.
jan 25, 2021 8:50:58 PM org.hibernate.ejb.HibernatePersistence logDeprecation
WARN: HHH015016: Encountered a deprecated javax.persistence.spi.PersistenceProvider [org.hibernate.ejb.HibernatePersistence]; use [org.hibernate.jpa.HibernatePersistenceProvider] instead.
jan 25, 2021 8:50:58 PM org.hibernate.ejb.HibernatePersistence logDeprecation
WARN: HHH015016: Encountered a deprecated javax.persistence.spi.PersistenceProvider [org.hibernate.ejb.HibernatePersistence]; use [org.hibernate.jpa.HibernatePersistenceProvider] instead.
jan 25, 2021 8:50:58 PM org.hibernate.jpa.internal.util.LogHelper logPersistenceUnitInformation
INFO: HHH000204: Processing PersistenceUnitInfo [
	name: MY_PU
	...]
jan 25, 2021 8:50:58 PM org.hibernate.engine.jdbc.connections.internal.DriverManagerConnectionProviderImpl configure
WARN: HHH000402: Using Hibernate built-in connection pool (not for production use!)
jan 25, 2021 8:50:58 PM org.hibernate.engine.jdbc.connections.internal.DriverManagerConnectionProviderImpl buildCreator
INFO: HHH000401: using driver [com.mysql.jdbc.Driver] at URL [jdbc:mysql://localhost:3306/aula_db]
jan 25, 2021 8:50:58 PM org.hibernate.engine.jdbc.connections.internal.DriverManagerConnectionProviderImpl buildCreator
INFO: HHH000046: Connection properties: {password=****, user=root}
jan 25, 2021 8:50:58 PM org.hibernate.engine.jdbc.connections.internal.DriverManagerConnectionProviderImpl buildCreator
INFO: HHH000006: Autocommit mode: false
jan 25, 2021 8:50:58 PM org.hibernate.engine.jdbc.connections.internal.DriverManagerConnectionProviderImpl configure
INFO: HHH000115: Hibernate connection pool size: 20 (min=1)
]]></system-err>
  </testcase>
</testsuite>